2023-10-29 23:40:07.921061 [INFO] [config:server:basics] httpdWorkers: 2, Num of Processors: 2
2023-10-29 23:40:07.921332 [INFO] [config:server:basics] enableLVE: 0
2023-10-29 23:40:07.921688 [INFO] [config:server:basics] bubbleWrap: 0, cmd: '(null)'
2023-10-29 23:40:07.921914 [NOTICE] [testAndFixDirs] "/usr/local/lsws//conf/" own or permission need to be changed.
2023-10-29 23:40:08.021291 [INFO] [PlainConf] [httpServerConfig:] start parsing file /usr/local/lsws/conf/httpd_config.conf
2023-10-29 23:40:08.021382 [INFO] [PlainConf] [httpServerConfig:] Failed to RCS checkin conf file /usr/local/lsws/conf/httpd_config.conf0, ret 32512, error(No such file or directory). Org command is ci -l -q -t-"/usr/local/lsws/conf/httpd_config.conf0" -mUpdate "/usr/local/lsws/conf/httpd_config.conf0" >/dev/null 2>&1.
2023-10-29 23:40:08.024908 [INFO] [PlainConf] [httpServerConfig:] Finished parsing file /usr/local/lsws/conf/httpd_config.conf
2023-10-29 23:40:08.025463 [INFO] [PlainConf] [httpServerConfig:] module [cache] add param [checkprivatecache 1]
2023-10-29 23:40:08.025585 [INFO] [PlainConf] [httpServerConfig:] module [cache] add param [checkpubliccache 1]
2023-10-29 23:40:08.025681 [INFO] [PlainConf] [httpServerConfig:] module [cache] add param [maxcacheobjsize 10000000]
2023-10-29 23:40:08.025779 [INFO] [PlainConf] [httpServerConfig:] module [cache] add param [maxstaleage 200]
2023-10-29 23:40:08.025871 [INFO] [PlainConf] [httpServerConfig:] module [cache] add param [qscache 1]
2023-10-29 23:40:08.025963 [INFO] [PlainConf] [httpServerConfig:] module [cache] add param [reqcookiecache 1]
2023-10-29 23:40:08.026583 [INFO] [PlainConf] [httpServerConfig:] module [cache] add param [respcookiecache 1]
2023-10-29 23:40:08.026695 [INFO] [PlainConf] [httpServerConfig:] module [cache] add param [ignorereqcachectrl 1]
2023-10-29 23:40:08.026846 [INFO] [PlainConf] [httpServerConfig:] module [cache] add param [ignorerespcachectrl 0]
2023-10-29 23:40:08.026945 [INFO] [PlainConf] [httpServerConfig:] module [cache] add param [enablecache 0]
2023-10-29 23:40:08.027042 [INFO] [PlainConf] [httpServerConfig:] module [cache] add param [expireinseconds 3600]
2023-10-29 23:40:08.027144 [INFO] [PlainConf] [httpServerConfig:] module [cache] add param [enableprivatecache 0]
2023-10-29 23:40:08.029697 [INFO] [PlainConf] [httpServerConfig:] module [cache] add param [privateexpireinseconds 3600]
2023-10-29 23:40:08.029734 [NOTICE] Loading LiteSpeed/1.7.18 Open (lsquic 3.2.0, modgzip 1.1, cache 1.64, mod_security 1.4 (with libmodsecurity v3.0.9)) BUILD (built: Fri Aug 11 02:00:03 UTC 2023) ...
2023-10-29 23:40:08.029856 [NOTICE] Using [BoringSSL]
2023-10-29 23:40:08.040413 [NOTICE] [ADMIN] server socket: uds://usr/local/lsws/admin/tmp/admin.sock.7998, fd 6.
2023-10-29 23:40:08.040633 [NOTICE] [35] chroot is disabled.
2023-10-29 23:40:08.040657 [INFO] [35] old priority: 0, new priority: 0
2023-10-29 23:40:08.040782 [INFO] [35] [config:server:basics2] For better obscurity, server version number is hidden in the response header.
2023-10-29 23:40:08.094524 [INFO] [35] [PlainConf] Failed to RCS checkin conf file /usr/local/lsws/conf/mime.properties0, ret 32512, error(No such file or directory). Org command is ci -l -q -t-"/usr/local/lsws/conf/mime.properties0" -mUpdate "/usr/local/lsws/conf/mime.properties0" >/dev/null 2>&1.
2023-10-29 23:40:08.094616 [INFO] [35] setuid is allowed in Ext Apps
2023-10-29 23:40:08.097250 [NOTICE] [35] [PID: 35]: forked cgid: 41
2023-10-29 23:40:08.098041 [INFO] [35] Download QUIC.cloud whitelist IP to tmp/download-quic-cloud-ips ...
2023-10-29 23:40:09.075940 [INFO] [35] Add QUIC.cloud IPs from admin/conf/quic-cloud-ips to trusted ACL ...
2023-10-29 23:40:09.076052 [INFO] [35] Add CloudFlare Subnets to trusted ACL ...
2023-10-29 23:40:09.076133 [INFO] [35] [PlainConf] [adminConfig:] start parsing file /usr/local/lsws/admin/conf/admin_config.conf
2023-10-29 23:40:09.079467 [INFO] [35] [PlainConf] [adminConfig:] Failed to RCS checkin conf file /usr/local/lsws/admin/conf/admin_config.conf0, ret 32512, error(No such file or directory). Org command is ci -l -q -t-"/usr/local/lsws/admin/conf/admin_config.conf0" -mUpdate "/usr/local/lsws/admin/conf/admin_config.conf0" >/dev/null 2>&1.
2023-10-29 23:40:09.079536 [INFO] [35] [PlainConf] [adminConfig:] Finished parsing file /usr/local/lsws/admin/conf/admin_config.conf
2023-10-29 23:40:09.080005 [INFO] [35] QuicEngine::init(), pid: 35, log level [warn].
2023-10-29 23:40:09.080825 [INFO] [35] [Module: modcompress 1.1] has been initialized successfully
2023-10-29 23:40:09.080923 [INFO] [35] [Module: moddecompress 1.1] has been initialized successfully
2023-10-29 23:40:09.081021 [INFO] [35] [Module: cache 1.64] has been initialized successfully
2023-10-29 23:40:09.081466 [NOTICE] [35] Created new Listener [adminListener].
2023-10-29 23:40:09.081515 [NOTICE] [35] [*:7080] enabled QUIC UDP
2023-10-29 23:40:09.081565 [INFO] [35] [*:8088] Enable SO_REUSEPORT .
2023-10-29 23:40:09.081584 [NOTICE] [35] [*:8088] Add SO_REUSEPORT socket, #1 to #2
2023-10-29 23:40:09.081633 [NOTICE] [35] Created new Listener [Default].
2023-10-29 23:40:09.081657 [INFO] [35] [*:80] Enable SO_REUSEPORT .
2023-10-29 23:40:09.081675 [NOTICE] [35] [*:80] Add SO_REUSEPORT socket, #1 to #2
2023-10-29 23:40:09.081719 [NOTICE] [35] Created new Listener [HTTP].
2023-10-29 23:40:09.082864 [INFO] [35] [*:443] Enable SO_REUSEPORT .
2023-10-29 23:40:09.082897 [NOTICE] [35] [*:443] Add SO_REUSEPORT socket, #1 to #2
2023-10-29 23:40:09.082950 [NOTICE] [35] Created new Listener [HTTPS].
2023-10-29 23:40:09.082970 [INFO] [35] [*:443] Enable SO_REUSEPORT .
2023-10-29 23:40:09.083006 [NOTICE] [35] [UDP *:443] SO_REUSEPORT #1 socket started, fd: 29
2023-10-29 23:40:09.083040 [NOTICE] [35] [UDP *:443] SO_REUSEPORT #2 socket started, fd: 30
2023-10-29 23:40:09.083057 [NOTICE] [35] [*:443] enabled QUIC UDP
2023-10-29 23:40:09.083079 [NOTICE] [35] The maximum number of file descriptor limit is set to 1048576.
2023-10-29 23:40:09.083983 [INFO] [35] [PlainConf] [virtualHostConfig:] start parsing file /usr/local/lsws/conf/vhosts/Example/vhconf.conf
2023-10-29 23:40:09.087397 [INFO] [35] [PlainConf] [virtualHostConfig:] Failed to RCS checkin conf file /usr/local/lsws/conf/vhosts/Example/vhconf.conf0, ret 32512, error(No such file or directory). Org command is ci -l -q -t-"/usr/local/lsws/conf/vhosts/Example/vhconf.conf0" -mUpdate "/usr/local/lsws/conf/vhosts/Example/vhconf.conf0" >/dev/null 2>&1.
2023-10-29 23:40:09.087457 [INFO] [35] [PlainConf] [virtualHostConfig:] Finished parsing file /usr/local/lsws/conf/vhosts/Example/vhconf.conf
2023-10-29 23:40:09.087489 [INFO] [35] [PlainConf] [context:/] rewrite [] add rules [rewritefile .htaccess]
2023-10-29 23:40:09.087685 [WARN] [35] [config:server:vhosts:vhost:Example] Uid of /usr/local/lsws/Example/html/ is 0, smaller than minimum requirement 11, use server uid!
2023-10-29 23:40:09.087775 [WARN] [35] [config:server:vhosts:vhost:Example] Gid of /usr/local/lsws/Example/html/ is 65534, smaller than minimum requirement 10, use server gid!
2023-10-29 23:40:09.088173 [INFO] [35] [config:server:vhosts:vhost:Example] config context /.
2023-10-29 23:40:09.088240 [INFO] [35] RewriteFile [.htaccess] parsed, return 0.
2023-10-29 23:40:09.088263 [INFO] [35] [config:server:vhosts:vhost:Example] config context /blocked/.
2023-10-29 23:40:09.088283 [INFO] [35] [config:server:vhosts:vhost:Example] config context /cgi-bin/.
2023-10-29 23:40:09.088323 [INFO] [35] [config:server:vhosts:vhost:Example] config context /docs/.
2023-10-29 23:40:09.088373 [INFO] [35] [config:server:vhosts:vhost:Example] config context /protected/.
2023-10-29 23:40:09.088497 [INFO] [35] [PlainConf] [virtualHostTemplate:] start parsing file /usr/local/lsws/conf/templates/ccl.conf
2023-10-29 23:40:09.091443 [INFO] [35] [PlainConf] [virtualHostTemplate:] Failed to RCS checkin conf file /usr/local/lsws/conf/templates/ccl.conf0, ret 32512, error(No such file or directory). Org command is ci -l -q -t-"/usr/local/lsws/conf/templates/ccl.conf0" -mUpdate "/usr/local/lsws/conf/templates/ccl.conf0" >/dev/null 2>&1.
2023-10-29 23:40:09.091473 [INFO] [35] [PlainConf] [virtualHostTemplate:] Finished parsing file /usr/local/lsws/conf/templates/ccl.conf
2023-10-29 23:40:09.091507 [INFO] [35] [PlainConf] [context:/] rewrite [] add rules [rewritefile .htaccess]
2023-10-29 23:40:09.091663 [INFO] [35] [PlainConf] [virtualHostTemplate:] start parsing file /usr/local/lsws/conf/templates/rails.conf
2023-10-29 23:40:09.094348 [INFO] [35] [PlainConf] [virtualHostTemplate:] Failed to RCS checkin conf file /usr/local/lsws/conf/templates/rails.conf0, ret 32512, error(No such file or directory). Org command is ci -l -q -t-"/usr/local/lsws/conf/templates/rails.conf0" -mUpdate "/usr/local/lsws/conf/templates/rails.conf0" >/dev/null 2>&1.
2023-10-29 23:40:09.094378 [INFO] [35] [PlainConf] [virtualHostTemplate:] Finished parsing file /usr/local/lsws/conf/templates/rails.conf
2023-10-29 23:40:09.094397 [INFO] [35] [PlainConf] [context:/] rewrite [] add rules [rewritefile .htaccess]
2023-10-29 23:40:09.094588 [INFO] [35] [PlainConf] [virtualHostTemplate:] start parsing file /usr/local/lsws/conf/templates/docker.conf
2023-10-29 23:40:09.097433 [INFO] [35] [PlainConf] [virtualHostTemplate:] Failed to RCS checkin conf file /usr/local/lsws/conf/templates/docker.conf0, ret 32512, error(No such file or directory). Org command is ci -l -q -t-"/usr/local/lsws/conf/templates/docker.conf0" -mUpdate "/usr/local/lsws/conf/templates/docker.conf0" >/dev/null 2>&1.
2023-10-29 23:40:09.097462 [INFO] [35] [PlainConf] [virtualHostTemplate:] Finished parsing file /usr/local/lsws/conf/templates/docker.conf
2023-10-29 23:40:09.097479 [INFO] [35] [PlainConf] [context:/] rewrite [] add rules [rewritefile .htaccess]
2023-10-29 23:40:09.097821 [ERROR] [35] Path for certificate file is invalid: /root/.acme.sh/certs/localhost_ecc/fullchain.cer
2023-10-29 23:40:09.097931 [INFO] [35] [config:template:localhost:vhost:localhost] config context /.
2023-10-29 23:40:09.097985 [INFO] [35] Rewrite file [/var/www/vhosts/localhost/html/.htaccess] can not open.
2023-10-29 23:40:09.098004 [INFO] [35] RewriteFile [.htaccess] parsed, return -1.
2023-10-29 23:40:09.098073 [NOTICE] [35] [ZConfManager] No VHosts added, do not send!
2023-10-29 23:40:09.098383 [NOTICE] [35] Instance is ready for service. m_fdCmd 35, m_fdAdmin 6.
2023-10-29 23:40:09.098644 [NOTICE] [35] [AutoRestarter] new child process with pid=57 is forked!
2023-10-29 23:40:09.098926 [NOTICE] [35] [AutoRestarter] new child process with pid=58 is forked!
2023-10-29 23:40:09.099605 [INFO] [58] Close SO_REUSEPORT #1 fd: 23.
2023-10-29 23:40:09.099659 [NOTICE] [58] [*:8088] Worker #2 activates SO_REUSEPORT #2 socket, fd: 24
2023-10-29 23:40:09.099693 [INFO] [58] Close SO_REUSEPORT #1 fd: 25.
2023-10-29 23:40:09.099710 [NOTICE] [58] [*:80] Worker #2 activates SO_REUSEPORT #2 socket, fd: 26
2023-10-29 23:40:09.099764 [INFO] [58] Close SO_REUSEPORT #1 fd: 27.
2023-10-29 23:40:09.099782 [NOTICE] [58] [*:443] Worker #2 activates SO_REUSEPORT #2 socket, fd: 28
2023-10-29 23:40:09.099805 [INFO] [58] Close SO_REUSEPORT #1 fd: 29.
2023-10-29 23:40:09.099887 [NOTICE] [58] [UDP *:443] Worker #2 activates SO_REUSEPORT #2 socket, fd: 30
2023-10-29 23:40:09.099922 [INFO] [58] [UDP:0.0.0.0:443] initPacketsIn: allocated 100 packets
2023-10-29 23:40:09.099938 [NOTICE] [58] Stop listener *:7080, fd 21.
2023-10-29 23:40:09.100180 [NOTICE] [58] AIO is not supported on this machine!
2023-10-29 23:40:09.100239 [NOTICE] [58] Successfully change current user to nobody
2023-10-29 23:40:09.100265 [NOTICE] [58] Core dump is enabled.
2023-10-29 23:40:09.100298 [NOTICE] [58] Setup swapping space...
2023-10-29 23:40:09.100621 [NOTICE] [58] LiteSpeed/1.7.18 Open starts successfully!
2023-10-29 23:40:09.101053 [INFO] [57] Close SO_REUSEPORT #2 fd: 24.
2023-10-29 23:40:09.101194 [NOTICE] [57] [*:8088] Worker #1 activates SO_REUSEPORT #1 socket, fd: 23
2023-10-29 23:40:09.101320 [INFO] [57] Close SO_REUSEPORT #2 fd: 26.
2023-10-29 23:40:09.101424 [NOTICE] [57] [*:80] Worker #1 activates SO_REUSEPORT #1 socket, fd: 25
2023-10-29 23:40:09.101539 [INFO] [57] Close SO_REUSEPORT #2 fd: 28.
2023-10-29 23:40:09.101635 [NOTICE] [57] [*:443] Worker #1 activates SO_REUSEPORT #1 socket, fd: 27
2023-10-29 23:40:09.101757 [INFO] [57] Close SO_REUSEPORT #2 fd: 30.
2023-10-29 23:40:09.101851 [NOTICE] [57] [UDP *:443] Worker #1 activates SO_REUSEPORT #1 socket, fd: 29
2023-10-29 23:40:09.101966 [INFO] [57] [UDP:0.0.0.0:443] initPacketsIn: allocated 100 packets
2023-10-29 23:40:09.102075 [INFO] [57] [UDP:0.0.0.0:7080] initPacketsIn: allocated 100 packets
2023-10-29 23:40:09.102310 [NOTICE] [57] AIO is not supported on this machine!
2023-10-29 23:40:09.102458 [NOTICE] [57] Successfully change current user to nobody
2023-10-29 23:40:09.102573 [NOTICE] [57] Core dump is enabled.
2023-10-29 23:40:09.102728 [INFO] [57] [lsphp]: locked pid file [/tmp/lshttpd/lsphp.sock.pid].
2023-10-29 23:40:09.102922 [INFO] [57] [lsphp] remove unix socket for detached process: /tmp/lshttpd/lsphp.sock
2023-10-29 23:40:09.103131 [NOTICE] [57] [LocalWorker::workerExec] Config[lsphp]: suExec uid 65534 gid 65534 cmd /usr/local/lsws/fcgi-bin/lsphp, final uid 65534 gid 65534, flags: 0.
2023-10-29 23:40:09.103514 [NOTICE] [57] [lsphp] add child process pid: 59
2023-10-29 23:40:09.103588 [INFO] [57] [lsphp]: unlocked pid file [/tmp/lshttpd/lsphp.sock.pid].
2023-10-29 23:40:09.104039 [INFO] [57] [lsphp.10000]: locked pid file [/tmp/lshttpd/lsphp.sock.10000.pid].
2023-10-29 23:40:09.104770 [INFO] [57] [lsphp.10000] remove unix socket for detached process: /tmp/lshttpd/lsphp.sock.10000
2023-10-29 23:40:09.105599 [NOTICE] [57] [LocalWorker::workerExec] VHost:localhost suExec check uid 1000 gid 1000 setuidmode 2.
2023-10-29 23:40:09.105646 [INFO] [57] [LocalWorker::workerExec] VHost:localhost suExec check uid 1000 gid 1000 setuidmode 2.
2023-10-29 23:40:09.105869 [NOTICE] [57] [LocalWorker::workerExec] Config[lsphp.10000]: suExec uid 1000 gid 1000 cmd /usr/local/lsws/fcgi-bin/lsphp, final uid 1000 gid 1000, flags: 0.
2023-10-29 23:40:09.106727 [NOTICE] [57] [lsphp.10000] add child process pid: 60
2023-10-29 23:40:09.107119 [INFO] [57] [lsphp.10000]: unlocked pid file [/tmp/lshttpd/lsphp.sock.10000.pid].
2023-10-29 23:40:09.107444 [NOTICE] [57] Setup swapping space...
2023-10-29 23:40:09.107958 [NOTICE] [57] LiteSpeed/1.7.18 Open starts successfully!
